14 216 88 259 56 60 40 114 248 266 55 142 30 233 151
7 0 87 80 133 225 63 219
6 180 103 209 119 182 100
11 296 212 246 276 290 187 188 214 197 126 183
11 85 162 127 253 48 101 155 154 97 52 130
8 249 160 131 139 31 115 192 288
4 75 226 277 236
8 33 224 111 90 201 71 229 94
11 34 260 53 185 3 61 76 181 69 257 175
11 36 285 129 91 73 42 118 98 223 59 46
9 41 213 281 157 23 124 238 43 208
4 54 38 166 10
7 65 125 21 230 68 83 231
9 99 159 95 263 239 287 194 77 2
10 108 299 19 295 177 269 25 265 145 297
7 110 62 150 156 243 22 5
3 116 227 289
12 164 161 204 82 237 147 93 45 106 66 120 186
11 167 210 144 245 128 172 121 117 195 138 293
9 168 136 107 57 158 280 1 84 169
8 179 232 254 109 6 81 292 247
14 184 218 18 200 102 202 268 191 70 112 152 262 240 49
9 221 171 44 174 50 89 242 176 9
10 234 105 244 11 199 12 252 279 270 178
9 275 220 74 113 29 217 271 170 190
7 72 24 13 28 146 86 163
12 4 58 261 284 258 140 16 196 141 206 37 153
7 8 15 298 255 251 272 211
11 7 203 193 273 32 27 235 35 78 17 274
13 294 137 79 282 222 64 207 291 20 51 104 47 135
7 148 39 241 122 26 283 143
7 134 92 267 96 14 205 264
2 286 198
2 250 67
3 228 189 165
4 215 123 173 132
1 256
2 278 149
0 
0 
0 
0 
0 
0 
0 
0 
0 
0 
0 
0 
0 
0 
0 
0 
0 
0 
0 
0 
0 
0 
0 
0 
0 
0 
0 
0 
0 
0 
0 
0 
0 
0 
0 
0 
0 
0 
0 
0 
0 
0 
0 
0 
0 
0 
0 
0 
0 
0 
0 
0 
0 
0 
0 
0 
0 
0 
0 
0 
0 
0 
