4349 84 7119 1323 2520 6307 3381 9944 4349 2649 565 6265 3263 428 7465 1276 47 4863 6836 3557 1640 5757 6245 7255 2973 6420 9286 168 7446 5090 1200 6473 7086 8434 5829 4720 7102 9815 9628 975 9487 839 9926 6547 1904 2399 2783 5120 1518 4686 6942 7580 7876 284 3066 1908 4153 655 6409 5699 2717 1655 9640 199 1830 7602 9105 4246 8536 9586 4207 4807 419 4225 9696 7243 3200 3632 3105 1240 3083 318 1206 135 3717 9297 3875 4830 3544 6922 3739 6029 4826 1994 5955 9252 4064 9485 1326 2518 601 1843 615 8816 1233 933 7196 95 4228 8521 1997 3475 9109 2216 8285 448 989 4107 6128 802 780 306 5732 2425 2537 7870 5626 4088 8464 6012 854 6220 935 8823 1186 4404 6069 5686 7874 2305 5816 6475 5712 6430 5663 3605 3199 6186 8146 2056 9947 5212 7085 6550 5347 5711 2112 9254 3614 4733 5621 2896 5182 6567 6021 9549 6645 57 2573 7737 9804 2132 4050 8637 5566 977 1500 2497 4705 3585 9251 4558 3921 7097 3554 3938 1503 290 4003 35 1777 3795 2382 8868 2036 497 8991 6474 1580 4666 5602 6749 9654 7172 7683 9625 9483 4782 8856 4410 5892 2934 9951 1508 8348 1723 4250 7323 4629 3058 3966 5668 7662 9702 5240 9634 6818 782 6842 4020 8219 483 3566 9735 846 2212 172 665 2261 656 6984 596 3666 7337 5477 8653 1873 6425 9657 3885 6903 3840 6742 2967 3740 6503 1792 8192 8093 8747 1755 5158 5756 9743 4613 8940 7884 507 9579 6764 1201 9954 7787 8791 266 9002 476 8772 4028 9042 3319 3398 1491 9450 6454 2570 7698 3116 4137 9314 2686 8681 2635 7193 1863 7710 3220 3615 1102 2442 984 5012 5779 7686 32 5234 4658 1977 2577 3583 8059 1430 8796 9179 4291 7685 6076 3270 6703 8034 5662 208 6538 1667 330 8187 7034 3119 761 2409 7994 8110 1913 9341 9949 2937 1529 9065 9457 8194 8955 9419 2180 4887 8173 8530 1557 1910 9171 4585 8035 4652 5187 7246 4659 5601 6601 3663 8546 4645 9037 6261 992 6048 7092 572 9832 986 1245 2660 6705 6648 6182 92 671 3732 6101 3082 66 2033 3721 3993 8188 8367 1079 559 2217 2105 2900 4595 751 529 161 942 2776 6809 225 9617 4171 9537 3477 5287 9761 6480 8259 9576 7203 6196 1324 1902 3802 5690 8671 531 1686 9375 1215 1146 5628 9127 9923 617 7479 4403 5375 3190 7245 5815 2696 6133 141 1762 4639 2482 1294 4913 7548 9033 7162 7732 9262 4021 9429 2119 3760 9273 1487 3169 7448 5241 8785 7912 6399 85 8876 4709 3338 6967 8742 292 2613 9981 7636 6313 7535 7019 8273 708 7916 9158 4017 6871 8030 4123 767 6280 4713 6989 9645 8555 7191 5366 9392 6896 1346 5088 6639 9842 4605 8118 7342 7096 6346 1613 3124 921 2385 9564 3775 4063 494 7411 871 6570 300 9165 5082 1152 9684 2209 4326 7816 5695 7278 2404 4344 6213 9394 9381 2673 9466 7043 91 2044 2661 2480 7282 7425 5170 6893 1509 39 6407 8695 2706 4664 6422 5457 7010 2076 6805 5238 3364 1143 2979 4256 1880 2394 5579 9846 1511 2187 4371 6698 5701 6589 9604 2320 3439 6956 6744 3451 4744 9177 2954 6062 2368 9561 6784 1189 6484 2291 1494 9263 2527 990 7134 5713 7387 8719 3393 7808 1443 7118 8324 3669 6013 1846 5994 120 8101 2011 560 3062 252 1109 8909 444 5279 4798 9195 629 9731 4331 9186 7988 9900 9763 2360 8970 9964 2173 5400 4006 7555 9962 4696 9539 4756 3770 876 8300 115 6946 2675 9070 1985 4356 374 8272 553 4497 2075 3793 105 8694 7456 4888 5803 1246 2667 6672 6082 4274 8990 6359 5951 1768 2543 5087 1325 3785 3685 7457 4130 6283 1211 546 691 867 7761 9249 9952 8243 1937 6237 1523 9132 9655 4415 4213 5100 6544 4588 843 7513 4195 1725 1859 9075 4045 5298 5844 4398 6587 1700 7150 4441 8782 6476 254 1475 74 7679 8585 3099 189 3203 2556 6491 8998 3867 1110 8485 8560 9963 2314 649 4227 388 3247 4838 9812 3373 7769 1644 4328 9408 9133 9272 3465 1101 7837 459 3622 9424 967 8542 7187 7275 6094 3981 6593 7503 3648 3646 7778 659 8800 462 2343 8869 397 8257 2388 2969 6902 7907 6163 8827 2966 1620 5702 396 2115 8018 9346 5160 2330 1943 8780 8851 9222 8058 3896 3429 3624 1779 5031 2292 7515 4623 5764 715 9288 8486 4834 6344 7301 9652 636 3258 1302 5835 584 5995 7613 9822 7604 9566 7081 5550 6197 7103 1476 7143 5632 4989 9612 5915 7715 3228 7562 4528 7532 2680 7984 1309 4397 6882 4584 9248 2107 1297 5903 508 979 7453 4247 5441 8014 6426 9377 8953 4775 7197 8645 4163 6850 4433 9031 5452 9077 5514 118 4491 9264 1220 3621 6932 8407 1259 5564 485 3086 2948 7873 7569 5465 5356 5824 7764 1391 1710 9896 4031 230 5684 6757 524 1785 5001 1299 9054 4884 8798 7915 7498 4249 3230 3305 4638 8296 2885 8075 1376 4800 352 5021 2156 1004 9632 2875 4677 6248 8510 5782 9741 8945 7770 3895 3694 9553 4147 4244 2565 3499 7691 6999 9238 9729 4907 3754 5221 2122 4113 6904 4498 9526 5064 1048 193 137 6393 1051 2921 6677 7078 6178 3469 509 1855 3986 2972 8288 5941 8801 8316 1117 5567 7830 8664 7370 1820 2184 9950 6925 7573 5879 9911 4796 9438 8401 7817 1069 9370 4924 1008 2568 8864 9980 7415 2541 4159 6179 408 1197 7501 9623 8638 1504 3790 7339 4866 1193 4293 8239 8312 4767 2206 3751 7924 7822 7474 6041 1045 2989 7727 2065 3859 1891 5998 2760 7221 1166 4939 1799 4559 7843 8229 2023 8895 6566 6379 2397 5608 2393 865 987 9849 2025 52 1561 7334 6238 3862 2958 5907 4068 5101 9611 550 5105 3211 2246 7508 3851 7122 1271 7493 2693 76 1944 2630 5610 2264 4784 4773 1831 342 9789 6562 6610 7366 7872 6106 3425 3997 1692 8659 6319 897 9441 1393 4114 6915 2548 9720 7167 8099 272 1176 4062 938 6751 365 9882 9823 5394 4211 6868 2234 1159 1541 8662 8843 1466 2766 130 7614 6190 4561 8026 387 3278 4564 1198 8691 808 1709 2893 8620 8159 7045 4301 5569 6681 4209 1787 7381 9667 777 5959 8160 463 2846 1392 8182 4314 9319 6114 402 2248 310 8416 8928 5462 9192 3498 4787 1922 3752 9379 3799 2796 9881 5302 6848 5062 8494 5630 4406 8746 8111 9644 862 215 1539 8072 5708 1188 2910 4892 3271 4282 4722 6301 2052 9328 4111 2366 5256 2557 7542 7926 2179 6515 7392 6345 8109 8148 4019 9724 9324 2622 8562 5725 1203 9143 857 4074 1603 8446 7857 5635 9420 7940 1431 9160 7659 350 6391 538 6898 6921 3432 7407 9229 2874 7383 6864 9474 1748 384 9322 6987 8125 6140 4167 6571 8550 6769 2901 4642 5380 1368 8904 6699 6883 8511 3750 9838 2104 6157 6641 3854 4628 3597 2281 2082 3561 9038 9790 2607 9659 6223 9000 6722 7898 8326 4470 947 4086 8988 3722 7120 4566 6181 698 4821 816 4221 7967 3757 576 5040 9157 6253 9300 8918 2938 1715 4453 1810 6684 4472 1871 2804 1861 1464 2513 9513 5176 6642 880 6839 4087 7866 8793 4772 2373 8027 8926 9607 1656 6036 2601 2841 4654 8598 7594 5208 9968 4394 6963 6591 3308 8826 4685 3079 5909 6203 6680 7231 3285 9574 1774 852 6548 1061 9221 7341 202 6306 3135 9934 5670 5527 953 8883 8218 3592 4539 2089 10 2228 2037 7918 8225 7763 3846 1012 3295 7164 5041 5486 5155 8721 7809 7296 7647 2021 612 1907 2 3474 4263 5317 9826 8661 4121 7149 1840 3216 779 1255 2621 1911 3547 3070 4317 6619 235 1695 4916 5692 2931 3556 5268 3963 8126 7823 1424 1946 3121 8627 3463 1688 6201 2737 8911 3992 3443 93 7384 8547 7909 4340 5278 7865 9321 3436 8624 2636 3967 5864 8428 5411 2332 5026 6378 8334 194 8553 4012 3174 2154 5247 9006 4711 4096 9361 6463 5092 2063 1591 1339 8136 561 9479 1681 2438 6406 3341 7483 2599 1592 9333 670 3767 4718 3574 4840 1819 4669 3501 2694 1736 2151 9994 4378 8540 4651 7610 8646 8767 492 9778 6292 1842 6953 6974 6138 4002 4055 9784 8960 4893 2729 5664 1876 3606 8268 3163 4777 3267 4219 7587 9085 7077 7440 3714 8212 216 3977 6165 7259 3959 3282 8289 5801 9534 9421 3776 5140 6240 7672 4486 9407 3550 5042 5999 2345 5532 9779 776 7935 3428 6888 8383 6728 4272 5005 7701 3221 4043 918 866 894 2945 3186 6231 3894 7750 774 5472 6730 2535 3753 3339 2504 8004 1320 9418 7651 1741 9358 6920 7178 1590 9541 5340 683 1921 3661 9270 5379 8976 9351 5314 2923 4009 4106 9378 695 3293 8400 6462 3277 2740 1308 689 5464 7363 2452 3449 3847 7791 9884 6810 9023 5417 639 575 2633 8755 6622 8140 1283 9758 9110 4543 4279 8108 6820 1822 924 1411 6625 151 7091 3877 9247 4582 8431 2341 7645 2501 5262 7650 9722 9029 592 6353 9043 1626 7394 8492 8692 3999 5083 5023 7972 7220 5004 8590 9205 9026 4487 1395 9593 9941 8031 9150 9843 7757 7021 3 9397 714 3595 4692 9671 3213 1337 5385 7368 8470 9490 3377 5180 1702 5470 6423 7090 6234 2765 5786 304 6712 5780 5226 6047 6772 5389 6578 2400 8872 9225 8693 2546 37 1513 7288 5929 3573 2805 4825 8177 4212 6527 4290 8748 1814 1767 2153 8563 800 6982 4942 5694 5992 6038 5104 614 5976 7879 274 5016 122 2506 1073 5730 4590 2850 6366 3625 2851 3699 7626 928 1624 9498 3123 3494 3251 357 1031 4906 1914 3065 8933 9716 8906 1307 9767 4471 5919 5391 5704 1130 5872 4591 434 5958 2595 7507 4518 1834 6116 1534 134 6602 1041 2437 8074 9658 6861 7007 515 4809 9213 8917 4138 2109 5587 7298 4770 1471 6262 9816 4941 594 6281 2175 9083 9113 1402 8544 3201 238 5032 1870 6609 9278 7781 5072 8616 6171 5529 4997 1468 2861 1310 5259 4547 9955 9917 2478 9337 279 3893 232 17 6830 2244 4168 3241 9366 1435 3256 239 4198 7904 6862 4845 8961 1387 5313 6863 6436 8725 6459 1236 4979 8576 5249 7094 1753 5292 9355 6043 7326 4805 6542 1042 7024 256 3139 2978 8958 103 3748 8986 1714 495 2344 3487 2854 2443 4251 8549 6785 9554 7046 7538 7743 5184 958 1154 6122 9384 2144 6522 3150 386 6339 8811 5689 9571 1034 9894 1668 6187 9152 453 433 7588 6617 7125 4368 7510 537 9848 2994 6940 1516 6042 5216 243 2129 2947 3235 6774 684 6858 7192 6298 3808 9072 9403 5420 1525 3824 1277 3052 8599 3045 7718 1649 9798 1956 4232 5233 5565 6505 4978 4217 5810 6891 2684 686 9867 5167 7403 4890 2340 5862 5908 8593 9480 6105 2431 9185 3053 8284 2325 4620 2231 7351 1050 1982 9780 6733 6102 8025 2939 9824 3159 9183 7999 1342 6226 8299 1551 3968 9943 1953 8524 6325 1065 4316 4429 4881 3072 1000 2777 6442 1882 1296 4993 9533 276 3016 6773 663 4710 6655 8656 5484 5904 1266 8153 5350 77 4459 510 3796 6846 4912 22 4919 2017 742 2189 3973 9224 694 4442 1058 4067 7352 8881 1145 8325 7944 3856 5733 3101 7340 4335 1629 4430 8127 2142 1286 7734 173 3489 1078 7552 6517 3962 7195 9250 7189 9697 8673 1854 7860 809 4852 6414 4259 9727 4950 8270 1918 1964 1132 261 3406 8129 7106 4460 9739 1357 859 4647 3299 7260 171 9774 9237 4469 1140 5002 5309 6604 3508 4567 8539 943 7454 7016 5561 3359 7321 5548 9456 6714 8841 3613 7505 2396 3399 1796 5168 3233 6612 2204 7914 7798 3262 4000 4626 2749 2099 6829 9092 8250 8359 5625 4382 6308 9193 6565 9967 72 456 2087 6996 9902 8931 2486 2414 6129 9080 8361 5956 9863 3161 1670 4369 2237 8513 2358 6556 731 6995 1229 771 2611 3551 7978 6823 322 5552 2950 5577 4454 8628 1999 1604 547 4663 6008 8855 8107 2148 1340 5943 1566 6006 1926 4715 1322 7285 2084 9162 3674 2190 414 3455 3939 1125 8115 9682 333 997 9868 1291 9877 4280 3234 3841 8143 3142 9651 5969 9239 5274 9442 4712 9269 3919 5071 3438 964 1072 2445 2721 3756 9335 1743 6945 7331 2793 6854 1920 6608 8476 8061 7461 5320 877 9862 8565 9079 3660 2284 8992 8822 2197 9212 3010 2700 7076 5729 2528 6600 5849 7583 1770 6855 6318 9828 1538 2068 6948 7405 5421 1035 4874 8569 4804 8729 7137 6776 9886 5157 1932 125 2311 2567 5728 2719 2903 5093 7773 6859 3178 5877 5675 4915 7551 7653 7397 9175 1933 7871 4963 155 634 4512 8258 3242 7365 7099 7556 5722 5000 5763 184 1901 5705 8283 8471 5068 8387 1026 9748 3397 7206 2279 4621 5478 2834 8763 9395 9629 2892 786 7802 8390 6923 6264 4144 539 53 9929 8824 6483 3982 985 9835 8512 7549 996 9447 4345 3331 8473 3395 4694 7313 3682 5479 9275 3330 6504 4597 5852 7273 2943 4468 5183 8442 4025 1945 619 223 6014 1824 5326 1719 1749 4258 2433 6117 3560 4276 7385 7098 28 9686 6813 7619 7153 5419 6543 8672 4100 370 7800 9506 5870 9489 9674 5367 3389 9153 1885 3873 50 3912 9870 5851 9218 3628 9400 4452 7741 841 4850 4461 7797 1806 7250 9233 5805 8738 682 701 5739 7832 7330 8810 6478 5979 4076 7723 9933 7418 7820 4419 104 8336 3283 6033 2876 8294 7047 9946 3521 3013 6590 1535 1974 5271 7699 217 974 1989 8015 1351 4097 9957 5589 9416 3448 1469 2004 7419 1171 7786 5747 5525 9086 6174 4681 195 6755 2682 3844 9055 7753 1165 1789 4529 9732 9594 4517 6286 7974 1750 5655 5687 9755 180 2552 7917 5738 8680 250 3483 1654 5968 9740 7966 7958 6249 9914 1941 9510 9350 6811 6801 7543 487 1053 6560 9431 9423 2494 6754 7848 9295 2739 6027 3777 1965 227 7063 4082 9425 8121 5921 5506 972 6376 8583 1853 4560 3374 2447 2712 7124 7327 8954 6131 6906 9111 7969 4262 4289 8676 253 363 4754 4631 305 6030 3061 7661 8971 8161 3503 2215 8003 9572 4762 5796 8526 3387 3935 1011 5522 2545 9725 9021 3360 5175 815 6802 7960 2242 7015 9597 6490 80 3525 3376 3577 8039 2365 5524 8887 1485 9422 8006 7976 8844 3960 2389 2911 5383 1769 4870 9899 1187 9801 1533 1618 3214 7504 9945 185 6282 3545 4831 6429 2263 4004 7536 3074 7598 7982 8596 3917 4571 198 9327 8812 525 6224 7897 420 3336 6471 1611 6561 6175 8347 5513 7433 1836 3805 9060 1224 6055 1025 5136 5195 6572 2236 3916 8170 9664 4936 3296 8297 4210 9039 5789 309 2405 5611 9730 2102 5614 6180 8436 9515 2584 6225 1449 7160 9865 8013 1696 2678 5416 8357 9488 703 8889 5827 7995 471 7302 1839 8697 9966 8439 6990 7674 4932 220 1298 5257 9386 983 1373 94 6320 5186 2003 3926 7706 6675 359 2687 7345 2378 2662 4039 3599 798 4389 3000 6511 1119 6324 8927 1265 6709 1990 3481 735 3788 7012 850 745 2772 8016 2728 7921 6637 7541 4176 7447 4336 7500 5498 8828 3361 27 5483 3452 2619 9017 8936 2499 25 4740 6827 7272 1828 8241 6347 787 654 9471 5741 9312 1596 668 2177 3955 760 1124 7721 2733 4748 2381 7291 2283 3332 7622 8732 2420 4187 3018 2688 6382 334 727 5448 2615 1183 114 8478 1375 4370 8233 5985 1717 5059 2590 6812 7121 7675 5255 8896 2162 6545 641 1017 5605 4333 6938 5128 6079 7752 3419 3598 5164 5463 3538 5339 8930 3684 3774 4526 7155 1621 1780 1370 4579 7728 6510 6736 1451 8776 9565 2971 6532 7923 2980 4765 4155 4960 9518 8215 8047 8354 4514 7299 8623 7449 9188 1321 6169 8045 3582 6215 3523 8399 7439 7942 339 5427 1851 7854 7945 5863 4166 6091 9258 8704 4847 6464 7961 609 4946 1632 7973 4439 7815 1925 4051 8875 8886 9598 8330 9786 1856 1996 9825 4900 2295 6704 2371 6162 5196 4252 7168 4835 8905 3158 7590 4334 2239 6791 124 4868 2672 2517 8522 9245 7420 8907 2988 7360 9723 2752 5570 5270 4373 7855 3081 2419 1554 4650 9531 505 9235 7890 5633 347 1610 687 9663 2655 3639 5993 3526 4222 3401 4771 8679 1890 2091 5530 7852 978 3897 1548 9989 1214 4727 4513 4573 8805 9122 773 5930 2267 2303 5595 7738 1092 45 8852 503 6432 2542 9053 3801 3943 5330 4945 3385 205 4362 2676 5149 7578 8196 7838 6309 4524 8231 1361 7240 9522 1151 7632 7997 7056 8135 2155 5215 2974 4849 3320 7925 7887 1816 9855 7695 868 2476 1687 9047 160 3823 8392 8914 4238 6229 451 884 2466 6256 5468 1623 2403 8727 2549 6037 9802 6660 3223 9437 340 8422 9323 743 1131 8885 2489 9588 5898 2454 4341 9509 6303 7247 520 5346 1432 8730 2149 8052 6691 6072 6276 6554 7031 2081 6988 5823 3713 496 4030 2572 6145 6661 4500 7678 6075 9895 2496 5109 4118 8771 7212 226 1049 628 9204 1975 7517 1706 3764 6720 3246 2514 3355 5518 9342 4822 5 3634 1950 7233 9034 5152 1765 4889 9093 4655 5114 5103 1657 2226 6557 291 3725 569 1615 5084 1243 7550 8305 1498 5261 5078 7003 2232 2778 2018 1007 5327 5736 7868 3485 9367 9201 2416 4612 71 6626 5363 6227 8461 2111 9839 287 3318 8734 4254 5110 1400 4954 5277 7295 5573 2127 7480 5286 6980 5742 4182 6328 4719 4827 2872 5199 8443 3164 7835 7443 7545 1401 2918 2674 8592 2380 5987 3563 2889 6388 6841 8117 2487 264 3649 1249 6651 8388 3711 6568 7254 1083 2484 3312 1811 6497 7306 6894 681 9756 8900 3171 2029 7670 923 6506 6837 574 2701 3806 8643 110 337 7667 5947 4975 3132 9856 207 4933 3497 4386 717 8754 5115 5772 1385 4385 7858 5194 3706 158 8600 8065 5997 6632 2801 7336 3771 7908 1712 2666 358 1616 6144 8365 5574 5546 1089 6230 2387 2803 1704 2620 1413 4923 9791 2890 4342 5010 3815 9982 2265 5505 6671 3769 3467 7470 4239 3953 4837 838 5397 2826 8349 7736 8457 4325 5319 5315 7139 7979 9893 9445 2022 5067 5331 5618 3834 6646 3822 5594 5206 8287 6254 7027 7607 571 6233 3089 6549 9582 4949 2328 1268 4192 5938 3087 5492 6500 2761 6371 2469 6395 6668 9904 6972 6295 4492 1174 3810 1440 5392 9728 3472 9253 9501 1238 8604 5414 8977 5200 3125 7623 3440 4952 7919 673 4110 8322 2071 2575 8466 3019 3153 3272 6878 3109 7185 9535 1162 4671 1270 4548 5765 2650 7671 393 5707 1205 7892 564 6553 9041 1333 5643 3118 5275 9415 3998 4576 4304 4598 8537 8558 9032 3034 5946 2306 9672 5703 8474 8315 8358 7264 9995 5190 5828 8744 4818 7029 784 2195 5438 7105 2427 5365 7658 2058 5918 4216 8561 9066 7514 1574 3831 6852 2953 9310 6214 7033 765 5612 2001 2481 7242 7332 6427 2066 6010 4361 418 603 1103 7 7765 4640 5066 5297 2347 9365 7050 6887 6766 706 5774 1858 5418 631 1462 1156 44 9107 87 7089 9413 6624 8634 6354 925 7625 5549 5229 8497 9468 7992 9529 1540 4271 3678 4680 8769 4465 3889 3695 6957 9760 6109 3177 2727 5762 5886 9115 2002 4142 9519 3890 2258 4609 7067 3515 3996 4146 7358 9125 5989 3911 1284 3933 9603 1126 8985 9491 5912 3131 373 1754 2146 2705 5884 6797 6586 2120 6599 3552 3297 2891 1360 9040 6166 8678 6369 3427 7157 9308 3504 532 5842 7421 1520 3324 5588 6781 9803 8409 3357 7845 6092 8206 9745 9063 9126 5144 3479 468 1080 5325 1608 848 7518 5940 8393 9551 7644 4793 1659 4926 2849 6992 7084 8455 7980 3456 504 6143 1571 6408 8011 3206 4215 8012 5321 2795 9149 5726 7519 8751 2744 4131 9016 4956 885 981 7639 4943 8005 8781 8853 4627 5781 3716 6278 5961 3800 6419 6899 9094 2779 6867 4321 3934 9414 4797 8794 4577 8712 9088 3728 4253 5745 7473 6330 3367 7688 5775 3048 8777 3941 8759 3192 3407 2929 7450 7589 5142 324 3243 6640 5281 1153 7308 466 8611 407 9178 7053 1216 4151 3944 4483 6017 5030 1122 6472 7756 3309 460 5178 6487 642 9206 7981 4229 5197 8658 835 1708 3166 4095 6383 5185 4005 5797 5079 4599 2182 5028 6028 8714 1484 5691 5338 6723 5145 143 36 9794 3803 5461 2249 8723 1607 7431 8706 2488 8276 9599 413 1404 3020 3240 960 6892 351 8880 7478 7181 4108 7827 7491 9443 2562 9905 1878 9525 8752 4447 1915 269 3273 2902 8389 8066 1542 2709 2379 5676 3899 9197 1987 8269 4380 9271 7963 2131 3348 8124 8619 411 6954 891 6761 8837 3219 6592 6890 6826 5151 2692 9343 5354 7159 1445 1575 2188 2812 6520 882 1759 4922 7257 5834 3037 8053 4284 8235 1390 9590 3882 38 2637 7902 9051 3056 5450 3100 7324 971 3876 6889 5897 8056 9008 2194 9885 4275 8240 2223 1517 1161 2005 7544 7826 2472 3175 2962 2759 2372 1085 7850 1018 4313 6018 3033 5531 9036 8132 4412 8663 14 9606 8762 4774 1881 804 5641 932 4416 1380 879 9338 2014 3766 5276 3464 9217 2262 8333 9257 2588 2716 1127 1849 1185 9772 9891 4504 79 3248 8114 1893 7338 834 8626 7213 4288 5673 6731 6796 3162 8479 6417 3932 7204 8999 3280 2070 7054 7954 2726 5337 1354 4534 9145 9719 3964 6468 228 1379 5129 6394 2625 4589 8802 3040 1954 5791 5290 5264 9921 4604 5555 6449 9942 9875 3744 1144 8934 4934 73 5683 429 5246 5283 7660 5773 3143 5272 2349 2822 4542 6074 5207 2251 1334 3015 4860 2704 7074 9048 5960 4179 5037 6341 5121 1582 3868 7821 5750 8515 4174 8092 4760 5410 4509 4928 1739 2746 7859 7705 5644 4391 1366 7539 7359 99 3604 9521 4181 2970 8139 6440 6011 6411 9601 2747 1848 148 9808 9600 5787 4129 2830 4967 4375 9439 6343 1112 869 6448 5095 3683 6477 2339 9692 9689 1022 5935 1507 712 440 8866 1059 8095 8982 5869 7740 8929 3745 7158 5544 5578 1801 3633 7423 8100 4556 307 9200 2460 299 9622 1128 2490 7484 1427 7744 3922 49 2080 4261 7681 1173 2450 9013 6834 6136 4474 1336 7437 8454 8501 650 9910 9759 5932 2925 2114 9986 5048 2391 966 2301 6108 7959 1279 2888 8684 7283 8919 5580 7307 4702 410 6621 1600 8707 8836 5141 2094 4908 2827 3106 7349 3415 7083 308 9266 2879 7427 5162 1940 6702 2318 9067 1367 1991 8834 1662 2643 5521 3872 9861 6311 9567 1114 4998 9648 7885 9787 6358 2046 7079 1617 4808 4510 6482 9642 258 4463 9568 3275 9340 7983 3492 9676 899 7530 5399 6700 3886 8507 1636 1356 2013 5749 6285 4180 265 2877 9703 8893 3002 5322 1645 2886 6390 60 7946 1467 9555 6291 9223 5252 3626 5429 314 1190 6614 7051 1935 7458 3995 6032 5812 5024 844 5685 4230 4052 8195 8923 3003 1903 9956 955 2064 7938 2628 1802 7603 2458 3957 4861 6598 7202 5949 6015 4968 8790 3638 3343 2161 221 8943 1698 8398 3140 1728 7509 1938 3274 5138 8369 1952 7269 7577 3681 8183 5209 6941 9336 9451 9690 5813 6594 5431 7087 5407 3971 6573 7606 197 4077 9390 8696 1118 2905 2145 4134 1658 7395 5051 4399 1663 3637 9493 3676 9010 5044 4324 3576 8487 3298 16 9427 5833 5003 6950 9596 176 7717 8602 8797 2594 602 5148 4354 8174 1619 8861 8384 5839 7297 9656 3612 7489 7722 251 3349 7618 3180 491 927 7964 2669 7413 9960 3041 2908 6334 9484 5011 763 1060 6070 6035 9290 2133 5204 8508 4811 1234 9552 9307 8080 188 6845 436 7977 4162 901 8877 6717 5731 8858 637 469 6914 8089 8260 5623 7801 1809 5368 1408 3327 240 5551 3028 2193 3310 4310 4697 2683 6693 2843 9129 8888 5254 3529 667 7863 5596 1452 8082 6045 7163 6148 8879 2170 1095 3304 9061 5533 401 7165 8152 1301 8581 4540 3641 4149 9797 2277 5202 8282 7951 1295 7563 5239 6685 7154 540 8320 3035 3677 6348 6273 6627 1180 2554 9169 9714 7991 7350 4823 3113 9120 6782 4841 926 8249 4905 7814 2100 2253 8279 9 8452 2421 6521 7219 9371 3390 4286 4267 302 2113 7228 1599 5604 9446 12 5342 9711 770 5150 5388 9494 4741 2321 7748 5413 5485 5159 2786 8385 5545 8 56 797 2940 6461 3687 8613 3405 2623 6118 9095 845 7831 8091 5825 9669 5055 535 6441 18 1191 7834 4424 6151 6665 2821 5616 2610 9637 5434 3965 1966 4295 6968 3172 8397 1377 6546 1141 2492 579 7906 1312 8607 729 2152 4273 4220 7742 3522 7281 9025 9146 828 7702 7303 7112 1115 9782 9878 2698 2656 2185 9215 4140 6434 3688 5446 5361 4522 6911 7424 2457 4641 9461 8606 6052 6080 8265 3781 3848 1327 7985 749 2516 1093 7138 9004 5798 431 2289 8211 5455 7436 6881 9241 9214 4568 587 8374 3903 1909 9721 4897 3500 4695 8396 4332 4018 796 8612 6595 5334 1306 2408 4127
10 88 3167 2986 9020 7849 7435 7325 9624 3836 4281
8 187 1005 7318 8227 1448 7311 2271 4662
8 303 9523 3025 5971 8711 611 9287 9189
15 474 6649 2313 7455 1605 5491 1625 9349 1960 6787 1895 5776 2211 1951 9374
24 568 6965 4984 2123 9401 6765 8766 3842 2041 4024 6066 4302 6857 6488 9988 3495 4423 2282 8944 3581 7290 3797 3378 5988
8 677 8670 6526 3558 8579 6349 4554 3559
12 719 1527 7422 7490 112 8997 2936 3927 6499 5251 1472 8210
11 1066 8890 9872 9959 1032 446 4918 1576 3093 9334 557
12 1178 5285 1924 7065 4092 9318 7294 6935 8949 8251 8701 5063
13 1209 375 6039 2639 7531 3961 8946 9713 1795 3871 6384 6748 2530
14 1315 5885 610 1332 6849 5487 5189 7637 4411 7570 1868 4242 794 722
6 1335 961 2176 6172 3252 1456
22 1515 3281 7911 8024 7428 4502 4973 5069 3609 6103 2229 7062 9331 7720 3151 404 5013 8499 1285 5737 795 3120
21 1543 6228 8290 8370 9524 7209 3513 2121 7998 4038 3011 1889 5840 861 746 5845 8925 8043 790 5666 1646
17 1560 1978 2006 7379 7730 6104 3212 7521 6525 4755 6516 2798 2361 8216 9936 3107 1559
9 1757 4150 4882 9670 3409 1874 6969 4646 1133
16 1992 7640 554 7064 8484 3311 206 1986 5503 6272 578 7726 793 1027 915 6870
23 2135 1833 61 5027 6654 5358 2106 4935 1218 956 98 7628 9202 9647 4594 2040 5210 2139 2563 1740 6219 9360 8137
20 2356 3693 8736 7082 4848 5957 849 2304 9159 15 9785 7788 2093 1434 7244 1362 4700 898 2839 4292
23 2432 7401 2008 6607 3651 2784 2230 1223 2856 4409 5050 1250 2884 7014 6683 6833 1382 2522 1829 8964 5345 6514 8147
23 2519 7929 9901 3049 3579 2357 5112 9282 7000 5036 1453 8220 7207 2125 8745 1388 8972 4148 4726 4418 1148 7943 5504
13 2571 9675 8675 6780 6529 4546 1090 6053 6360 4940 97 2346 4183
15 2695 7877 1883 4693 7846 3129 7867 313 9019 8141 9147 1084 9918 1653 9906
25 2920 6807 4346 9979 2603 6150 9274 9757 3906 2665 4858 1248 7949 2137 366 6897 4578 1606 829 9352 9124 1149 438 1226 3313
18 2949 6115 4214 7108 2333 1123 8264 2010 1405 3306 1241 3486 1726 4079 4962 5848 5253 3969
24 3156 24 1528 8698 1447 9347 5359 326 4376 146 1583 5967 7145 1800 2024 6025 7072 2336 5118 9332 555 390 5581 1573
22 3253 957 696 1372 8459 3773 3783 4704 8190 6832 9859 5301 3610 2762 8920 6372 9618 5015 6489 341 5661 9834
14 3580 8102 3951 1697 8915 1634 7901 8245 2034 806 1827 1650 1917 766
14 3629 8962 8179 6404 7129 864 9636 1465 4139 1331 3227 4667 7990 7218
15 3696 212 2417 4473 8817 6763 4801 6555 4783 6936 9814 8391 9317 3586 7404
26 3869 55 583 8271 5218 7020 8274 5516 5678 2473 178 7931 2670 4746 545 288 3956 8084 4488 5447 5316 4611 4790 6271 9517 3032
15 4008 8703 7141 6794 2538 6786 6879 1934 8472 5560 1536 4911 5720 4319 1410
21 4078 6724 3596 9452 1100 332 4869 823 9364 3421 3710 8064 3141 6679 8248 2202 3063 4508 2836 7751 9131
9 4094 4618 2869 9121 2857 4037 522 9746 3870
22 4309 8329 8406 3008 6135 9685 277 718 4656 415 6460 2713 3907 4237 9683 5336 5648 9750 9024 4490 3064 5538
8 4377 9449 9631 3133 6056 4358 2430 8090
15 4435 2507 3294 109 7704 6924 1588 5562 6331 2789 7608 9591 1648 270 7621
23 4525 5860 6541 8932 2942 2748 2711 5554 3050 2999 1349 5576 7037 3269 7707 2500 8846 8255 2775 1219 1680 8482 5821
20 4839 4058 4475 1860 1251 4980 8419 4205 8493 3593 8601 5007 2158 3900 1070 4753 3543 1718 3589 5543
12 5018 4855 5598 6767 3708 7922 970 2560 7333 3794 1798 3207
26 5299 920 3471 4056 7140 2424 9406 2026 9633 2352 6398 8504 6719 6081 1364 2933 6552 1262 8496 3517 2638 4298 1231 8636 8735 7459
11 5335 6916 203 8298 6732 7955 944 2606 2794 9635 8414
15 5440 1040 4536 7114 9137 8713 3947 4016 2181 1232 6971 969 1067 9892 8453
24 5868 9581 2738 3148 6110 2426 9012 7572 2167 9681 9948 8617 3974 6905 9240 5364 4464 6469 8200 7780 362 8724 690 840
19 5970 7040 1888 9291 7293 1784 4387 6851 2455 951 2731 8882 64 2809 275 936 6873 7025 9220
22 6002 5086 4143 445 4208 9246 4255 9018 8421 3949 6297 5523 1772 8567 2088 7144 1481 6958 9311 5029 5629 7173
11 6031 7373 4550 688 5220 8632 2647 6770 3441 5647 8430
13 6252 8254 2835 7566 1781 2398 1672 2097 6050 995 8572 9369 9827
12 6403 9744 8857 338 581 4152 9398 5634 4813 2103 2502 2544
24 6412 3030 6139 3197 8435 200 3017 4405 1081 4937 3454 7353 676 5696 2617 4436 2302 2914 4927 1892 1082 20 6997 4955
17 6466 9888 3988 6160 1637 7320 2928 1002 949 4730 6001 558 7279 1202 3046 1823 2509
18 6670 29 7799 3257 2143 533 2651 3435 6597 1716 6775 3689 43 526 259 5760 8519 8862
13 6783 222 2912 1866 6745 2440 177 2477 7075 9903 8674 5939 9281
12 7013 4657 8286 2038 1927 5836 6088 4446 3110 4047 9796 7441
17 7109 502 8506 6120 9998 6396 875 3004 8531 3363 8625 8130 6993 3518 566 9915 3346
18 7399 8520 7398 2838 5721 4285 3701 7665 3839 7654 5794 6874 2451 5802 7300 2219 5652 8490
14 7463 4307 157 5245 8739 9045 3445 607 7066 8097 9139 1235 6803 6753
14 7475 2316 5341 3692 2531 8149 5213 5743 9768 5480 4044 2593 8939 3021
14 7928 6961 8420 8965 5422 6332 6620 3587 7775 8180 1303 6322 231 4103
26 7956 4495 4873 7156 4428 842 9087 4833 6192 9705 3807 9100 8263 523 2612 4033 3979 450 7378 6835 5784 7836 2157 7215 4909 1439
20 7965 7561 6189 902 2147 3502 8595 4449 4515 11 278 2062 3511 8720 5820 6828 8891 8138 7537 6350
5 8175 2061 7716 6630 8000
21 8292 9216 2327 1228 7210 6159 498 2000 1746 4270 5770 3496 1383 356 3920 7656 9587 312 3322 6323 6470
12 8310 3855 8204 7711 4260 5818 9459 4312 6294 3480 1510 4120
16 8640 7862 3866 1062 1947 484 4747 5482 3437 7201 2858 7390 4563 6569 2926 6185
11 8773 3490 8475 5098 9932 7038 1280 1043 9123 8463 8120
17 9313 9799 5649 7430 2054 7987 255 1345 7292 2587 653 6194 289 4054 5474 7133 1418
17 9393 48 8564 1013 166 3067 5890 1313 9511 7492 2585 5382 7525 4562 4947 7061 9793
9 9707 4894 5716 6694 9935 7116 2736 8344 1705
17 9913 6255 8956 5700 1389 3328 678 6778 6539 6054 7851 3094 4668 4231 3853 5293 5370
9 2465 2384 3420 9119 4022 7214 6978 5318 2664
26 9976 4637 5381 5343 3758 6756 9104 1386 4957 9410 3205 8244 2159 1444 5181 4961 9404 9243 7412 2671 4729 6715 7896 9589 9558 3994
24 4379 1993 2296 1406 1984 5510 2975 3317 3411 6000 982 8665 382 8815 3902 1690 96 9883 6236 5432 913 4759 5265 3755
12 3607 1664 2429 3245 7329 7804 8481 9294 3819 6147 4951 7115
10 5497 7913 5017 9082 4523 8922 1675 2435 8222 89
16 9847 3149 1563 3073 3450 9015 887 8246 1578 8912 9279 6287 1278 9850 4844 3259
15 8878 1804 3657 9226 7222 6678 9630 335 7747 3423 7664 296 1488 5714 7093
19 9752 541 8342 7028 4959 1734 6200 1627 3117 8996 5134 7179 1423 4527 5800 6302 598 3791 8740
12 2735 3371 4687 8557 4414 9851 7927 4299 2338 6638 4027 3937
15 9084 5902 7188 5615 627 5332 9276 2299 2485 2816 8660 3189 6895 831 9569
18 7429 9283 9187 9166 4781 7512 4467 1436 8281 7893 426 2369 7317 7880 8156 2449 263 2586
23 7657 8840 6656 3005 9473 315 9011 9135 9265 4819 1679 4843 6816 7962 3383 3642 9715 7059 7310 5923 1939 4145 1038
21 4090 5304 6633 6558 3865 8588 4297 422 5622 8809 4235 8165 1329 6095 6653 7416 1969 86 9938 8098 3588
28 3442 8559 2774 19 9090 2791 9320 248 3602 506 241 2797 7564 8103 8814 2561 8689 941 1775 1577 236 7055 4392 1731 6943 7649 7131 5682
20 5693 6913 8021 2904 8554 9477 7364 674 9837 355 7796 9292 242 8829 5496 9726 8355 8468 4057 5174
3 672 1135 7110
24 6822 297 394 7864 6329 1024 8892 6058 9180 156 249 1420 8591 3473 2632 7388 1807 8733 4763 9280 669 5790 9532 9536
6 4494 5881 5227 7948 8741 1562
19 549 6456 7810 9920 1959 5627 5866 2602 9844 4204 5080 521 4023 6929 9953 5617 5889 8552 2276
12 9619 4829 511 6495 8651 2493 167 4466 2629 4820 3929 6342
13 1305 734 1879 3358 9284 4462 5075 5242 3422 1544 6533 6750 2840
17 9563 8458 1689 7372 210 7785 1311 1458 6909 586 6312 9548 7767 4061 8647 8083 2848
20 6263 8395 6502 3826 8699 6206 8338 4602 6357 7811 138 319 3635 7486 3344 6284 644 2252 5591 8722
14 5192 1735 9820 5387 7471 7575 959 9426 1495 9775 9259 5854 295 4592
24 3055 5161 3249 739 699 5654 493 3375 2178 8804 4327 9028 2048 8063 2631 4549 6530 5905 9236 2807 2815 8488 2032 8870
21 1097 3103 741 4098 477 6658 8792 9562 3366 4966 4895 8051 5880 6130 5217 3908 4603 7676 6844 5047 3679
19 4601 2576 6952 3575 6493 8104 3603 2825 379 6793 6142 8221 8394 1665 2598 5753 3665 7731 6467
15 9003 2020 2944 2436 4048 8984 9939 1622 1678 2699 3023 479 2865 5147 2243
8 2247 3647 4636 7426 4226 5659 9818 7533
11 2015 9890 8266 9167 3925 5520 8528 8340 8223 4445 6644
12 4742 622 3527 3608 4400 5349 6869 5795 165 3488 107 437
25 700 4066 9402 4223 4184 7554 2245 5351 2927 6537 7642 1455 2842 5163 3356 473 5607 8839 1877 4413 6177 9499 1230 6721 5020
11 423 4842 7088 5858 8203 3816 8085 8368 8306 752 6453
22 8518 5406 6361 9733 7612 9052 8426 1869 4482 8128 5642 5169 3731 7630 6431 6623 7126 8441 8168 2456 2864 3631
16 1273 3457 6843 1414 726 8978 6316 6356 657 2407 5039 2596 693 2895 9693 6931
23 8731 6424 8029 3138 245 6718 267 8236 9068 886 3843 5074 6880 6486 3446 9653 2428 9417 8451 3762 8424 9766 2208
10 6689 6198 3168 1492 2788 5540 8088 2413 9097 8350
13 9514 2941 3321 8228 570 1099 6355 5459 1641 9014 2814 8594 5665
16 2720 1353 8184 9144 7609 8750 2991 632 5119 7970 8418 3250 6998 5874 9811 8582
11 7861 1269 2899 5777 3915 9492 7284 9163 7947 5536 6241
22 3090 3743 8189 1593 3029 608 4875 8079 3940 6243 1612 2218 6629 3832 6124 7828 4574 4743 8275 4723 2238 2862
21 713 3667 7687 8425 9852 9306 3403 7226 2323 6251 2220 4499 5651 9978 824 3006 5671 6046 9467 329 3097
9 6277 6321 8529 5916 1426 3792 8363 398 7937
4 5934 7468 5619 3288
11 6901 6900 7186 1438 8209 1192 285 3184 4649 5046 1150
10 6815 8578 9382 6821 1275 9930 6299 2616 9530 7772
20 7070 7229 2589 6740 530 7557 9712 6814 5014 163 133 6682 1163 2553 6524 1442 3265 5508 7783 8217
13 4679 3830 4104 3137 186 963 7175 6531 5126 5894 7166 4506 994
19 5445 9411 8213 1838 1773 8979 7314 9512 2171 5878 9428 9704 5035 2471 6259 6421 0 5953 1929
18 1105 6327 2315 4248 1720 4188 6077 8002 2800 1483 6508 8942 2878 7073 2210 1602 3043 4538
11 2883 4586 1384 4885 7357 7779 709 8049 4982 6090 2259
14 3817 585 8587 190 6123 3208 1852 1995 7236 9925 1037 7905 4013 4846
9 9305 2418 3155 4766 5439 5718 2073 1962 6127
23 4059 3239 1724 3276 7180 5034 7546 4202 2470 2732 8062 4206 3476 2498 9706 8076 6947 5111 5223 597 8096 2337 805
17 1138 1794 2233 9985 8440 2551 7643 281 7620 1850 812 4191 5924 6373 4976 6405 5225
19 5324 4788 1227 658 9864 3108 2505 4278 7176 5582 9091 139 8181 9108 8230 3715 9196 3335 6819
6 1867 2278 7709 1113 3202 6540
9 4758 7227 5123 2521 5460 9940 8001 5398 224
16 311 4673 8533 65 8345 1572 2124 3548 4791 3945 4197 6481 6257 4803 8710 6111
18 6381 6269 1170 8158 271 128 6338 1550 1835 5557 4857 4060 8779 9708 8405 9840 8648 7410
21 2917 113 9046 5875 9595 3334 1729 7759 8597 4872 716 9800 889 6574 1450 116 5490 620 1813 3780 5376
20 6706 8787 8302 4511 2657 7934 8403 9858 5070 5201 9643 8873 7875 6362 3837 1419 4752 430 675 976
23 7957 8086 5948 7553 7768 6711 5054 5409 5861 7806 4964 3351 449 2285 7030 8032 5613 6616 5896 759 1261 5415 8921
14 769 4644 4761 2525 5289 9330 5911 7520 7703 630 4458 8380 432 1701
9 519 268 5990 6951 6352 5593 2288 4175 4320
15 5717 789 9503 9613 8642 4119 6746 2042 8415 3567 8469 367 1077 6840 8535
17 4071 2828 3147 5511 1461 2959 4173 3881 9059 7910 1172 3942 2423 1958 4185 1207 4799
23 606 3564 3410 1407 7891 457 4862 6218 9001 7547 4190 8532 6777 5754 6687 1039 4812 8683 5937 2221 8690 8087 181
20 8708 3655 7230 7319 8835 4115 645 1738 1521 2164 6443 2722 5357 870 5826 8756 4551 2196 2200 1003
12 3549 2297 6575 5284 8060 3659 75 5974 9154 1581 998 9326
24 7499 580 3236 1630 9128 328 9316 6125 3616 4318 646 643 4921 5191 5475 4505 1196 1556 9873 9434 383 2312 4277 6060
17 1776 2166 3104 8410 2952 7256 175 2648 1199 3913 3484 2582 588 1594 9646 2172 7182
22 3307 6044 5727 2641 6884 5049 6413 5428 1553 4699 3505 5188 6713 4443 4359 1671 6564 9098 9203 2550 5653 737
16 8477 5222 9649 4352 3493 2375 8291 8242 7328 888 9973 7487 4363 3238 5436 2845
11 6663 219 6912 7567 4634 1584 2383 7147 2069 4156 3643
19 5235 5402 3918 3990 7224 3833 2984 8028 9783 7286 1857 6337 3059 5412 8899 4519 4570 5294 2225
12 5300 6662 1651 5369 4011 9103 8411 7409 8865 5449 4158 8022
18 9409 8509 9405 2536 8376 4635 8157 3594 9138 2192 613 7371 2222 2050 229 7151 9860 3880
11 8950 4706 3459 7347 9228 9699 5624 9540 5058 5273 1378
7 563 6710 991 914 3820 8202 1545
16 9679 1815 3697 1512 5744 6004 9830 7312 2235 8768 6584 1181 6098 8491 8253 9058
11 768 3329 3114 6078 599 4426 6397 4102 9009 9076 9359
10 8758 8351 6657 7488 5171 4970 8081 5680 781 1546
15 273 9698 8630 8262 8020 3170 873 9357 8863 5430 2201 1028 2098 2679 9829
16 6831 666 6392 4690 7148 4457 8304 8753 1742 8295 7869 4049 8337 3812 8957 3569
13 9325 567 1803 1647 4608 2960 6509 6918 5788 6606 2697 4476 7795
21 3444 3540 8848 9078 2881 753 3958 5374 542 893 8903 8813 2030 6949 8765 452 9432 8589 8538 8319 4124
18 5769 2324 4583 9996 4575 1221 9769 3047 1884 8116 2702 2057 2715 5258 8975 9854 1847 6917
18 9140 1609 5237 2293 2605 7494 6222 9701 6908 5019 7725 5936 9662 3179 7950 5563 2609 7472
14 4948 4109 7668 8615 1721 2479 724 1988 1116 4902 3379 4572 8633 9520
26 117 4877 6457 5746 4910 9874 3191 9130 853 2924 7234 9106 196 7529 1314 3352 5882 2646 132 1157 5871 4484 5667 9210 2608 5280
8 6695 6418 6485 5991 8952 8036 8386 2448
13 9550 9680 1638 6866 90 1567 5980 3809 6817 3787 455 4350 5841
9 3555 3333 7287 2079 1973 348 9709 3088 8908
12 3578 381 3447 4614 1707 2317 9580 3260 9997 7002 1359 3380
22 5424 9626 3546 817 2714 2963 7792 6804 7666 2031 8951 4792 8667 9362 6779 3266 8438 2214 1703 2096 3095 8332
19 837 7993 6747 6669 9575 7152 2240 1639 5583 1761 2644 2995 591 2569 5236 2985 5817 3928 8122
15 1900 8489 3640 5572 69 7277 2751 6696 7511 9007 6019 635 980 8113 8377
21 2009 9463 2511 8133 1949 8973 3829 5519 1980 2116 3413 9170 3884 9857 1437 2564 5806 6876 9507 1343 1134
9 2581 2406 8635 4083 3671 3652 1972 758 2618
12 5137 9795 9879 512 3630 4501 5355 1737 9898 5248 7899 2597
15 7005 8586 5954 7690 4764 8981 9478 7842 1682 2183 3303 5423 8238 7565 5900
11 7270 4493 9547 7107 1409 4448 6049 6107 5198 9717 6603
8 7936 5920 7361 3534 8068 8525 7482 6242
12 9256 1260 9299 5384 6314 336 5609 246 1482 5599 3284 8847
6 9504 1912 349 1195 5758 3204
19 2559 1194 6875 6498 2600 6927 7745 7576 5219 5373 4136 470 4678 9777 9260 371 4203 4 4177
11 372 8783 7198 7346 9062 5639 2342 3814 5895 9765 6152
18 7952 8055 6304 6536 9620 8445 7309 847 3845 1905 6977 7400 9211 919 1899 1350 9560 5230
10 3654 9505 3350 7803 4795 1514 70 3535 4987 939
17 8728 5113 7104 3430 2992 6340 1733 3531 6333 7627 1832 2274 1033 8465 4427 4676 8994
5 489 7889 6735 9927 2894
13 9207 5808 6199 5060 3601 5214 3462 4703 6856 5650 8151 8303 5893
13 2512 7574 9071 9199 2045 6367 9992 3007 6824 1783 4565 6960 108
17 4537 1628 1693 2852 4724 3394 582 2990 8432 9853 6154 4721 8685 1585 3987 4883 3620
16 3196 435 3680 9134 5260 9694 4125 3292 1782 8050 1957 7774 7694 1812 9454 2677
11 6877 3022 2434 8737 7629 3157 7305 6059 5444 8467 6613
13 6752 640 8609 3952 5386 6146 1786 1730 5403 5927 6335 7184 807
17 4437 9353 9738 4880 6374 4871 30 5329 2863 6513 34 6611 51 792 13 9396 1019
9 400 9190 4854 2290 8373 1747 6583 4283 1006
22 945 8803 6985 6643 993 7169 2035 2043 8193 5473 3470 6137 3195 5568 723 6964 6535 4516 4157 8808 4268 8069
15 4648 3325 3345 2515 9482 4085 8261 4988 5778 7839 2150 4015 2987 2998 3887
17 5393 3512 4396 8167 106 2467 6708 3340 7819 801 7377 6400 3209 7452 8666 4339 5891
20 9974 8448 5453 2930 6716 4969 7900 4533 6167 8669 2256 3888 7022 8483 4132 648 6979 5057 5408 3458
18 7451 4920 119 6771 6615 4541 1864 286 1417 3509 1071 7100 4619 3136 3516 2574 4390 3185
16 9544 1 2653 353 6161 3570 2837 3747 5963 331 5165 988 1478 6057 4531 6518
16 8323 6438 3057 3215 6737 9496 8901 5559 9231 2027 1526 6005 9792 7123 2410 5244
4 3384 8614 5091 5945
5 3160 1399 5575 1522 1139
9 8566 9182 3778 9639 8775 6083 2016 7760 3111
16 8449 439 3972 881 1930 2402 3416 3553 3001 5488 2083 9069 2976 9168 7069 144
18 1635 417 8042 4007 4593 4300 4828 3584 1967 8545 2768 1906 4425 3183 2968 1490 5404 4069
16 9191 4587 4372 9889 9809 1016 6375 8842 968 4738 1347 7348 3460 6096 7391 6016
12 8629 3036 1676 1872 2808 4323 1289 5153 7989 9184 3400 9770
10 5856 1252 6762 1096 6290 4789 1463 6860 9399 7522
15 8073 4245 8806 2072 9073 6808 4343 78 4053 2820 8514 5669 3520 8278 5571
17 9691 856 6132 9516 3811 6085 6204 1164 3342 858 2092 8423 623 5942 9486 3229 3286
14 8774 6523 7477 9156 1264 754 7599 1068 1155 664 3703 8959 2322 3279
4 6377 4569 7524 1931
20 5500 9164 2059 1263 7315 7829 1348 2468 1317 1519 1057 4817 7128 1108 2067 900 6635 1826 3984 2130
16 5698 152 2207 5405 6885 8534 5061 1976 8427 8757 4737 8818 5096 2604 2806 6650
3 2915 3936 174
16 4170 6634 2997 7041 1942 7794 8760 9983 2710 4925 9285 5752 182 7268 8541 707
17 3849 9118 4930 7216 4552 3946 3874 624 733 9244 2873 9315 4480 6701 4383 6112 6994
14 3424 211 3146 6064 3009 3078 3813 6628 1036 1936 8142 9747 8726 9916
12 7677 2787 9678 3315 4117 9754 1371 4026 3730 5755 4444 7432
13 8277 1601 9527 46 3904 5451 8134 3039 4688 4351 5984 7408 4557
17 8715 1175 4615 3532 7271 2359 7735 6370 5638 8608 6193 2946 82 2090 406 7111 2627
18 3891 8989 7232 2831 5193 5076 2645 9462 7886 4674 2459 1764 1242 3627 5362 5855 2203 7825
16 2422 8575 1106 6270 9234 4105 8237 5133 6983 940 5585 5081 7540 1014 2847 2463
19 4455 2754 4990 1862 2415 5481 9583 2996 6758 577 9161 4178 345 5814 6986 4735 8980 8057 1300
11 499 7712 5645 3365 721 323 204 6973 7001 8123 7161
19 2742 7382 907 2260 6121 1598 2439 5308 8360 2785 5132 1916 7526 4287 7696 9296 1570 7881 2134
16 3572 3565 3414 6512 5045 3909 7267 9142 8495 7616 5761 4672 822 3571 7017 8019
10 4200 950 3789 7633 8610 8788 5022 6051 818 5646
11 7585 2916 633 377 9810 3392 9372 4931 5867 8717 298
12 892 5888 4520 7004 625 1694 1549 6534 1473 5592 4133 9380
16 1674 2982 4555 2355 6727 8799 4128 5925 9866 3060 8639 4983 4896 1147 1579 4865
9 5710 1272 3112 6089 7316 67 1597 7362 756
8 2523 7253 2126 3261 9912 8502 1844 1793
16 6068 5620 5539 3232 5426 9368 3154 9718 8280 9807 7895 6768 4610 2329 962 2658
2 8967 5793
14 8447 7190 403 6279 6386 3182 5117 5396 9762 5177 2624 911 3014 6559
16 1530 6446 376 6188 8871 8150 5785 4165 8417 2824 3733 2764 9383 6258 5547 7641
10 1778 2086 2932 7241 2353 4977 1898 3255 4091 8054
11 1489 3193 7894 3144 3668 54 755 58 8226 3218 4725
16 4084 8937 2558 8444 6519 4682 8621 3763 2685 1237 5378 6760 6300 4886 3611 8543
13 3024 5719 7883 9538 552 3290 4089 4456 4329 4999 5458 9673 6479
7 6155 1046 9151 4496 4768 149 6686
11 3976 6563 1886 3930 4853 8743 8705 9348 5966 8402 234
15 9412 7380 1352 369 4532 8649 2955 183 9605 4201 8570 6099 360 811 136
18 2335 9557 3818 8860 2108 5526 1790 9298 9302 7497 2555 2255 3720 427 1425 6158 1293 7460
9 7117 9464 5433 1023 3828 9773 6093 8044 2049
9 3176 3051 5344 2412 2334 6944 1204 1020 9472
14 9495 7692 2453 5211 6447 129 8966 6577 3653 6195 4691 3712 170 247
14 5466 1460 4035 9737 4776 516 1771 153 7265 262 7127 3533 6365 1722
18 6239 2663 5584 9836 5534 3924 4093 9181 7238 3431 2363 7559 9984 5922 3126 1454 1841 1009
8 513 922 4607 9481 8987 1428 3709 9922
16 661 9871 3433 1968 5899 1568 2844 6289 7258 4193 7739 2993 7818 6664 6210 3402
11 6168 9064 8176 9928 3507 2213 3152 8077 1713 3388 7713
17 5517 1797 7263 1412 1179 3673 2272 8916 1075 3980 5706 6690 6071 652 3978 7784 5471
15 6741 164 2654 2547 5768 7462 8067 6061 9389 1894 860 1552 1751 906 2117
11 8548 830 6119 7684 5102 2266 3950 488 9993 3514 616
14 6455 4141 1239 8164 1752 8450 7009 4898 2331 2792 1225 8232 6433 6113
17 9666 9289 2919 2362 454 6235 2364 4360 2085 346 6934 788 4731 7496 2441 2897 9476
14 874 5156 8378 3434 6930 3765 412 5139 7417 4438 6310 3084 1213 1015
13 1421 4503 799 2935 7635 827 2533 4596 7617 702 3858 8941 8331
9 3461 7444 9022 2743 4434 810 5883 392 626
18 4112 1111 7595 8644 3314 7920 2444 4489 3237 8362 2708 551 1274 4814 5928 8849 1586 7586
4 4233 4953 1817 4402
12 965 2250 3468 1429 8603 6451 9114 7402 9049 2707 4040 6170
13 6164 1845 772 40 3075 3115 8009 2269 6759 9339 7343 1341 4716
16 4194 3453 1537 147 3173 6743 517 6387 813 2101 9099 8341 8078 1254 3724 4750
15 2957 7434 7847 1256 4617 5009 4046 8366 4851 4218 9293 4081 1091 6401 218
8 9267 6825 5553 3650 7813 327 8301 2508
6 9556 8071 8821 9545 4553 7036
10 3291 3691 7071 604 3864 111 1052 8641 1805 4929
16 1030 9345 6216 3181 1531 9433 2205 9661 2871 2199 6937 750 2870 5811 2280 7766
12 4164 4101 9475 3122 23 851 5499 8371 3863 6507 3562 2169
7 368 2370 5493 68 3644 2961 9614
17 3989 1685 127 5033 6800 2241 692 5734 8584 3198 1691 3302 1374 4189 6676 5876 8480
6 5006 4806 3038 2745 2053 7495
19 3910 6739 3370 5799 5853 461 9303 3672 8516 7582 8335 878 3658 7593 9057 131 948 8654 9776
17 2626 1963 9751 7466 2174 9219 4440 8833 5166 1502 3519 2750 4580 3369 4904 7356 9117
12 1142 4914 3482 425 4981 9444 7782 7322 8356 2503 31 5232
7 7355 8764 7841 9999 3923 3069 710
16 5089 5917 9972 9833 1104 9734 8307 5502 6267 4381 4707 7251 1074 7824 8185 7700
12 9627 5107 8379 5116 3466 9987 7807 3130 3244 5456 2763 820
15 1363 4749 4355 1979 7205 7615 8197 5906 904 8568 4994 6955 8884 9227 4891
16 4196 7174 3418 1168 1282 3077 5122 9470 2462 3726 5056 145 7953 2224 8008 3975
14 8574 6173 3675 5933 2051 2039 8247 2257 8677 5467 5435 5964 3591 7601
7 9602 6293 8761 3225 9969 9749 4683
8 2642 952 9268 5556 3300 973 8162 4417
15 7406 1684 7663 2386 8687 5901 9436 528 917 7596 4751 8321 3742 2964 8874
11 8328 4029 1319 728 3268 5831 4315 2287 8372 9700 2691
17 1121 8795 9546 9742 1338 9208 7006 2580 293 6385 3804 7199 4972 6435 316 4311 3737
3 4661 3539 6315
13 4624 8995 4099 8686 1330 4734 6581 4122 3217 6022 1021 9609 9638
10 8832 9819 1565 2395 544 536 8551 26 7581 7733
12 481 5263 3165 7971 7689 946 6738 7280 4600 4041 9198 2773
9 5996 7442 5783 475 4958 8968 4708 9753 2983
18 9965 3026 7211 5660 244 3735 7266 1501 8199 4732 2868 5053 573 8144 7044 3224 424 3825
12 9813 4481 2817 826 3901 3210 6605 3222 5558 213 4736 762
15 2681 2077 7438 2810 8413 3031 2614 4903 1094 9050 33 4728 1865 3408 4622
12 6410 6402 2377 4347 819 6799 7130 1666 2579 8983 3705 7714
8 3368 5291 3326 4353 8186 2078 2887 3347
14 209 6886 7941 2270 7754 1047 6149 8201 1760 1506 2734 317 3719 4432
14 9469 4065 3044 467 4739 500 4395 7367 7523 8352 1403 7026 6465 6795
10 1524 7682 1660 6437 9056 5442 6692 441 9500 1344
10 3779 8155 6380 8214 7749 1394 5243 534 3076 3491
19 2401 6026 6336 7933 4653 4832 5804 8343 3353 5807 5843 8456 2307 7611 1497 7996 6364 391 8700
10 9255 8112 2578 5679 4357 4985 5360 2367 5231 3861
3 5983 4876 7527
6 3362 6910 1056 2855 4199 7376
14 4794 4938 1496 3530 6674 5600 4265 2254 9961 3187 1158 7008 8404 1087
11 442 6023 2802 7903 2769 9460 1493 4234 7930 1998 6
14 3092 1474 7693 6582 4625 2348 3736 5333 8408 140 7669 7035 9650 7011
10 8573 7464 6452 9887 6445 9781 4393 7042 1304 5501
14 6208 2128 8017 405 4878 2294 2965 3382 1971 6551 6217 443 7235 3386
15 7638 8682 5830 1459 3761 126 2756 4684 1763 593 7833 791 2833 8070 5173
14 3396 1745 7274 7680 3536 2350 5677 651 7261 6007 4364 679 7375 4243
15 8786 6141 7344 3905 7502 6939 6326 999 905 2723 6065 1129 6073 59 9304
16 8462 9116 5228 1631 7762 1981 490 3316 1416 8668 4581 5740 8924 6250 9764 2770
14 5295 1160 9584 4266 518 7177 5106 7571 7304 4367 1086 5311 2411 6063
8 3354 2771 9044 2913 8838 5476 1318 142
16 697 5303 5751 3759 6659 4072 9542 6636 2668 5965 6673 1825 2298 5631 9430 7223
18 8902 102 6274 8820 2141 2390 4135 4478 8709 9695 4991 8364 5846 1983 4348 5697 4186 5586
13 2118 3194 1422 8293 7132 4660 6697 3590 2811 725 6097 2474 8433
15 9806 4485 81 1292 83 7237 1818 2351 7200 4422 6317 4785 2300 3723 8131
12 1564 233 5305 2047 1744 2853 5131 9971 5077 4479 1547 9677
15 3068 4544 4366 9817 9230 9919 6790 2012 9081 1076 6725 6212 2019 6439 5672
18 5771 2799 7777 821 6268 280 1756 5537 5512 5681 5288 9261 1258 7878 3128 1287 7789 3619
17 8224 6247 4965 6806 399 916 7853 7591 621 3301 4757 5489 937 5973 6789 325 8527
3 9845 2591 5127
17 4630 2140 5913 4236 1396 8993 6020 8234 6666 8859 4545 4303 5395 6266 2227 1247 5859
18 3510 6647 9641 2534 2859 2956 3568 6734 748 3670 192 1244 3071 6788 7289 5390 3664 7058
4 5636 2060 5982 6688
16 2198 378 6618 458 7624 8169 361 9448 1397 8577 5972 7369 4257 3718 3860 2755
14 2074 5603 1896 1791 8963 1029 836 8314 8318 237 9502 2689 7476 8947
16 9559 3537 2160 2275 6865 7793 2909 6184 9665 4917 931 5266 6792 9668 5977 2055
18 6296 832 896 2652 7724 5709 501 5073 3027 7584 6351 5528 2446 9771 3983 9277 9577 7467
16 1010 7882 7729 6067 4856 6726 7217 201 3704 3768 5822 4530 1064 6585 8517 464
17 7648 6966 9458 8631 7080 680 589 6847 9344 7023 747 3698 783 4996 5819 9573 8789
15 5748 5495 9897 8500 2309 6363 2186 2832 5085 5328 9465 5065 4126 2138 3892
18 4421 8353 514 711 2374 21 8935 1253 3878 4816 9173 7634 5657 8205 662 7719 6458 3618
8 3188 4070 6707 5515 1398 3734 301 7146
9 1208 8650 2168 1044 562 2583 2286 9990 6260
15 1177 7276 7805 9089 7142 3323 7528 9096 1063 4294 480 5224 6959 3134 7049
13 7248 6305 6009 5310 1875 4264 2268 4810 954 2475 6183 9301 1758
9 2495 1381 5981 3226 8716 1837 9387 9176 3289
7 1970 7534 4014 6415 4420 4010 465
13 7975 3542 5724 4879 833 5306 6444 3700 478 179 8702 9585 2007
13 730 1355 7558 2906 8830 4075 7354 8778 9528 6368 8897 9736 8154
17 1955 8831 9209 7171 7516 3127 7755 9376 4535 154 3337 7225 4859 7888 4337 8106 4042
12 2782 4786 7068 8007 8437 4036 1358 4240 7776 7597 3898 9831
18 3821 3054 2640 1257 5323 5094 4407 7646 2354 7652 8041 416 6501 2730 9876 3012 8375 2659
16 2566 6024 380 1433 4698 8317 5590 9453 9615 3254 5269 1633 4296 5944 2818 1212
9 150 2464 9242 7746 4944 395 8571 1766 2819
6 720 5352 2866 9616 7183 1642
15 2539 5656 3970 6962 929 5154 4388 7095 63 4116 7485 8046 4901 6853 3850
8 3786 6034 775 872 344 1683 6576 1652
16 7631 3636 8652 7812 890 3948 283 2634 4974 1457 4306 5469 4408 5296 757 3985
13 9543 6652 8037 5962 2907 5172 5597 2028 3852 8913 9977 9937 1569
8 6450 7386 5914 4073 556 1505 2951 7393
7 5307 1169 1470 9908 7506 3600 9970
15 5425 5267 8523 5847 4802 3686 4322 5203 6232 2725 8867 3931 6246 447 2163
14 8198 7840 5837 5809 5372 618 2308 9102 1788 4305 5494 4160 9354 6494
17 3541 7208 704 4477 2095 6838 2829 8105 5767 6975 600 8172 6084 4864 2165 9608 3838
13 8309 100 8938 5008 8974 6176 855 4001 647 62 8894 7600 1137
3 2718 1486 2813
15 1267 7856 6579 8505 3372 912 1499 7939 9363 3091 1928 8825 8580 5931 4374
17 9385 4034 934 2898 3782 736 7790 9688 1919 6040 8208 2823 2767 3264 1001 8171 3617
11 9030 2981 5099 8749 1136 1446 9455 2529 6207 6087 8556
13 409 6244 883 4701 7708 7605 1167 9924 5146 4172 4451 5857 9329
4 364 4365 1479 5637
15 1054 8191 3098 6156 8819 5052 6667 5542 9841 4161 3287 6991 6981 7758 5108
13 2690 2781 930 7697 2191 3404 7932 9991 123 9660 1120 1614 6191
13 8207 1441 2753 9027 8038 5658 3391 5401 2510 7481 4269 8948 8718
12 6202 5674 7048 5250 4992 738 7771 7170 6631 3741 8770 3528
15 9869 1365 9440 6596 4330 282 260 1316 7396 4169 6275 6209 421 3042 1088
13 5025 3879 4986 4384 5910 320 7101 6588 785 2136 1669 4778 4606
14 4815 1587 5437 7389 3772 7560 385 5850 2483 4670 7469 6496 8313 1699
10 4867 5135 3729 42 8503 7335 472 4338 2273 8850
12 482 7239 7592 8688 732 8969 5950 1107 4633 5688 4779 590
6 4717 1897 9356 486 9909 3690
19 5205 1222 2741 9035 9975 1532 3231 9508 5986 9435 9788 2392 4616 8145 8910 5978 2922 6288 1948
13 5887 5952 8339 3645 7018 8252 6126 9578 1808 7136 3656 343 7986
5 5377 908 9074 1555 3727
7 8784 895 3102 3623 8033 2758 2310
15 2780 9497 1182 1480 2319 909 8381 8845 2860 6976 9005 7052 8311 2540 3857
5 4836 3085 5640 5975 3914
7 5535 5371 9880 6153 7374 2376 6221
11 4507 8412 2867 6211 1328 1217 214 3738 3412 7655 8622
16 41 4643 5043 3524 1643 6389 740 9821 1477 9907 191 6872 4995 1961 8163 4241
11 825 9610 3784 2790 7414 8807 5143 863 9194 3827 3080
16 6003 6580 7445 121 9687 6926 6798 814 162 5873 764 6933 1288 7057 5865 8618
17 4665 7579 595 4971 8023 7262 5097 4521 6086 5509 9373 2703 4308 7568 8898 9172 1558
10 9805 354 9570 6907 9141 8605 6100 1210 5125 5606
15 3991 1281 3746 4224 2526 9136 6205 6928 1711 1673 3954 8267 2491 5312 5179
12 8346 6729 8094 2110 9155 3145 4745 1821 9309 8429 321 3478
19 5282 660 159 1098 1589 9592 5353 5715 8166 9112 7032 3662 1661 8256 101 5735 7968 910 8178
14 8040 169 5838 1595 6134 4899 9148 2757 5759 5038 389 2592 1677 1887
15 5541 9710 1415 6416 8460 4032 9958 5832 1732 5454 4780 7039 2326 778 638
13 4154 9232 4824 257 8048 9174 8655 705 5130 2880 6492 6919 5723
15 5507 8854 5124 3798 2882 6970 4632 3707 8498 605 3835 5926 3417 685 2724
18 3426 5766 9101 5792 4689 543 8010 2524 7060 903 6428 9931 9391 4769 5443 8327 1923 3883
14 8382 4450 9388 2977 527 2461 9621 3096 4431 8657 7673 1290 1055 7252
11 4080 1369 294 4714 4675 744 803 7844 4401 5348 8119
13 7249 7135 7113 7194 2532 1727 6528 3506 548 1184 3702 8308 3749
